Determining if the pthread_create exist failed with the following output:
Change Dir: /home/viki/catkin_ws/src/gaussian_process/build/CMakeFiles/CMakeTmp

Run Build Command:/usr/bin/make "cmTryCompileExec1076838523/fast"
make[1]: Entering directory `/home/viki/catkin_ws/src/gaussian_process/build/CMakeFiles/CMakeTmp'
/usr/bin/make -f CMakeFiles/cmTryCompileExec1076838523.dir/build.make CMakeFiles/cmTryCompileExec1076838523.dir/build
make[2]: Entering directory `/home/viki/catkin_ws/src/gaussian_process/build/CMakeFiles/CMakeTmp'
/usr/bin/cmake -E cmake_progress_report /home/viki/catkin_ws/src/gaussian_process/build/CMakeFiles/CMakeTmp/CMakeFiles 1
Building C object CMakeFiles/cmTryCompileExec1076838523.dir/CheckSymbolExists.c.o
/usr/bin/cc    -o CMakeFiles/cmTryCompileExec1076838523.dir/CheckSymbolExists.c.o   -c /home/viki/catkin_ws/src/gaussian_process/build/CMakeFiles/CMakeTmp/CheckSymbolExists.c
Linking C executable cmTryCompileExec1076838523
/usr/bin/cmake -E cmake_link_script CMakeFiles/cmTryCompileExec1076838523.dir/link.txt --verbose=1
/usr/bin/cc       CMakeFiles/cmTryCompileExec1076838523.dir/CheckSymbolExists.c.o  -o cmTryCompileExec1076838523 -rdynamic 
CMakeFiles/cmTryCompileExec1076838523.dir/CheckSymbolExists.c.o: In function `main':
CheckSymbolExists.c:(.text+0xa): undefined reference to `pthread_create'
collect2: error: ld returned 1 exit status
make[2]: Leaving directory `/home/viki/catkin_ws/src/gaussian_process/build/CMakeFiles/CMakeTmp'
make[1]: Leaving directory `/home/viki/catkin_ws/src/gaussian_process/build/CMakeFiles/CMakeTmp'
make[2]: *** [cmTryCompileExec1076838523] Error 1
make[1]: *** [cmTryCompileExec1076838523/fast] Error 2

File /home/viki/catkin_ws/src/gaussian_process/build/CMakeFiles/CMakeTmp/CheckSymbolExists.c:
/* */
#include <pthread.h>

int main(int argc, char** argv)
{
  (void)argv;
#ifndef pthread_create
  return ((int*)(&pthread_create))[argc];
#else
  (void)argc;
  return 0;
#endif
}

Determining if the function pthread_create exists in the pthreads failed with the following output:
Change Dir: /home/viki/catkin_ws/src/gaussian_process/build/CMakeFiles/CMakeTmp

Run Build Command:/usr/bin/make "cmTryCompileExec3009676362/fast"
make[1]: Entering directory `/home/viki/catkin_ws/src/gaussian_process/build/CMakeFiles/CMakeTmp'
/usr/bin/make -f CMakeFiles/cmTryCompileExec3009676362.dir/build.make CMakeFiles/cmTryCompileExec3009676362.dir/build
make[2]: Entering directory `/home/viki/catkin_ws/src/gaussian_process/build/CMakeFiles/CMakeTmp'
/usr/bin/cmake -E cmake_progress_report /home/viki/catkin_ws/src/gaussian_process/build/CMakeFiles/CMakeTmp/CMakeFiles 1
Building C object CMakeFiles/cmTryCompileExec3009676362.dir/CheckFunctionExists.c.o
/usr/bin/cc   -DCHECK_FUNCTION_EXISTS=pthread_create   -o CMakeFiles/cmTryCompileExec3009676362.dir/CheckFunctionExists.c.o   -c /usr/share/cmake-2.8/Modules/CheckFunctionExists.c
Linking C executable cmTryCompileExec3009676362
/usr/bin/cmake -E cmake_link_script CMakeFiles/cmTryCompileExec3009676362.dir/link.txt --verbose=1
/usr/bin/cc   -DCHECK_FUNCTION_EXISTS=pthread_create    CMakeFiles/cmTryCompileExec3009676362.dir/CheckFunctionExists.c.o  -o cmTryCompileExec3009676362 -rdynamic -lpthreads 
/usr/bin/ld: cannot find -lpthreads
collect2: error: ld returned 1 exit status
make[2]: Leaving directory `/home/viki/catkin_ws/src/gaussian_process/build/CMakeFiles/CMakeTmp'
make[1]: Leaving directory `/home/viki/catkin_ws/src/gaussian_process/build/CMakeFiles/CMakeTmp'
make[2]: *** [cmTryCompileExec3009676362] Error 1
make[1]: *** [cmTryCompileExec3009676362/fast] Error 2


